<?xml version="1.0" encoding="UTF-8"?>
<!-- Generated by org.testng.reporters.JUnitXMLReporter -->
<testsuite ignored="2" hostname="LAPTOP-3LMAQE78" failures="1" tests="1" name="test 3" time="7.586" errors="0" timestamp="2022-09-14T22:29:58 IST">
  <testcase classname="Tests" name="openGoogle" time="2.252">
    <failure type="java.lang.AssertionError" message="expected [hjcvbac] but found [Google]">
      <![CDATA[java.lang.AssertionError: expected [hjcvbac] but found [Google]
at Tests.openGoogle(Tests.java:33)
at java.base/java.util.ArrayList.forEach(ArrayList.java:1511)
... Removed 33 stack frames]]>
    </failure>
  </testcase> <!-- openGoogle -->
  <testcase classname="Tests" name="openTwitter" time="0.0">
    <ignored/>
  </testcase> <!-- openTwitter -->
  <testcase classname="Tests" name="openLinkedIn" time="0.0">
    <ignored/>
  </testcase> <!-- openLinkedIn -->
</testsuite> <!-- test 3 -->
