<?xml version="1.0" encoding="UTF-8"?>
<!-- Generated by org.testng.reporters.JUnitXMLReporter -->
<testsuite ignored="2" hostname="LAPTOP-3LMAQE78" failures="0" tests="1" name="test 2" time="7.351" errors="0" timestamp="2022-09-14T22:21:04 IST">
  <testcase classname="Tests" name="openLinkedIn" time="2.942"/>
  <testcase classname="Tests" name="openGoogle" time="0.0">
    <ignored/>
  </testcase> <!-- openGoogle -->
  <testcase classname="Tests" name="openTwitter" time="0.0">
    <ignored/>
  </testcase> <!-- openTwitter -->
</testsuite> <!-- test 2 -->
