<?xml version="1.0" encoding="UTF-8"?>
<!-- Generated by org.testng.reporters.JUnitXMLReporter -->
<testsuite ignored="2" hostname="LAPTOP-3LMAQE78" failures="0" tests="1" name="test1" time="75.265" errors="0" timestamp="2022-09-14T22:11:03 IST">
  <testcase classname="Tests" name="openTwitter" time="70.58"/>
  <testcase classname="Tests" name="openLinkedIn" time="0.0">
    <ignored/>
  </testcase> <!-- openLinkedIn -->
  <testcase classname="Tests" name="openGoogle" time="0.0">
    <ignored/>
  </testcase> <!-- openGoogle -->
</testsuite> <!-- test1 -->
