<?xml version="1.0" encoding="UTF-8"?>
<testng-results ignored="1" total="2" passed="1" failed="0" skipped="0">
  <reporter-output>
  </reporter-output>
  <suite started-at="2022-10-01T21:25:13 IST" name="Default suite" finished-at="2022-10-01T21:25:13 IST" duration-ms="45">
    <groups>
    </groups>
    <test started-at="2022-10-01T21:25:13 IST" name="Default test" finished-at="2022-10-01T21:25:13 IST" duration-ms="45">
      <class name="Strings">
        <test-method signature="m2()[pri:0, instance:Strings@1a482e36]" started-at="2022-10-01T21:25:13 IST" name="m2" finished-at="2022-10-01T21:25:13 IST" duration-ms="7" status="PASS">
          <reporter-output>
          </reporter-output>
        </test-method> <!-- m2 -->
      </class> <!-- Strings -->
    </test> <!-- Default test -->
  </suite> <!-- Default suite -->
</testng-results>
