<?xml version="1.0" encoding="UTF-8"?>
<!-- Generated by org.testng.reporters.JUnitXMLReporter -->
<testsuite ignored="3" hostname="LAPTOP-3LMAQE78" failures="0" tests="3" name="test 3" time="0.01" errors="0" timestamp="2022-08-27T13:11:56 IST">
  <testcase classname="com.testng.Grouping" name="testMethod1" time="0.001"/>
  <testcase classname="com.testng.Grouping" name="testMethod3" time="0.001"/>
  <testcase classname="com.testng.Grouping" name="testMethod5" time="0.001"/>
  <testcase classname="com.testng.Grouping" name="testMethod2" time="0.0">
    <ignored/>
  </testcase> <!-- testMethod2 -->
  <testcase classname="com.testng.Grouping" name="testMethod6" time="0.0">
    <ignored/>
  </testcase> <!-- testMethod6 -->
  <testcase classname="com.testng.Grouping" name="testMethod4" time="0.0">
    <ignored/>
  </testcase> <!-- testMethod4 -->
</testsuite> <!-- test 3 -->
