<?xml version="1.0" encoding="UTF-8"?>
<!-- Generated by org.testng.reporters.JUnitXMLReporter -->
<testsuite ignored="0" hostname="LAPTOP-3LMAQE78" failures="0" tests="7" name="test1" time="0.099" errors="0" timestamp="2022-09-03T12:53:20 IST">
  <testcase classname="com.testng.SameDataProviderMethods" name="createLoan" time="0.009"/>
  <testcase classname="com.testng.SameDataProviderMethods" name="createLoan" time="0.002"/>
  <testcase classname="com.testng.SameDataProviderMethods" name="createLoan" time="0.001"/>
  <testcase classname="com.testng.SameDataProviderMethods" name="createLoan" time="0.002"/>
  <testcase classname="com.testng.SameDataProviderMethods" name="createLoan" time="0.003"/>
  <testcase classname="com.testng.SameDataProviderMethods" name="updateCustomerDetails" time="0.001"/>
  <testcase classname="com.testng.SameDataProviderMethods" name="updateCustomerDetails" time="0.001"/>
</testsuite> <!-- test1 -->
