<?xml version="1.0" encoding="UTF-8"?>
<!-- Generated by org.testng.reporters.JUnitXMLReporter -->
<testsuite ignored="1" hostname="LAPTOP-3LMAQE78" failures="0" tests="2" name="update Customer Details Test" time="0.009" errors="0" timestamp="2022-09-03T13:24:59 IST">
  <testcase classname="com.testng.SameDataProviderMethods" name="updateCustomerDetails" time="0.001"/>
  <testcase classname="com.testng.SameDataProviderMethods" name="updateCustomerDetails" time="0.001"/>
  <testcase classname="com.testng.SameDataProviderMethods" name="createLoan" time="0.0">
    <ignored/>
  </testcase> <!-- createLoan -->
</testsuite> <!-- update Customer Details Test -->
