<?xml version="1.0" encoding="UTF-8"?>
<!-- Generated by org.testng.reporters.JUnitXMLReporter -->
<testsuite ignored="0" hostname="LAPTOP-3LMAQE78" failures="0" tests="6" name="partial groups" time="0.084" errors="0" timestamp="2022-08-27T12:44:53 IST">
  <testcase classname="com.testng.Grouping" name="testMethod1" time="0.01"/>
  <testcase classname="com.testng.Grouping" name="testMethod2" time="0.001"/>
  <testcase classname="com.testng.Grouping" name="testMethod3" time="0.001"/>
  <testcase classname="com.testng.Grouping" name="testMethod4" time="0.001"/>
  <testcase classname="com.testng.Grouping" name="testMethod5" time="0.001"/>
  <testcase classname="com.testng.Grouping" name="testMethod6" time="0.002"/>
</testsuite> <!-- partial groups -->
