<?xml version="1.0" encoding="UTF-8"?>
<!-- Generated by org.testng.reporters.JUnitXMLReporter -->
<testsuite ignored="0" hostname="LAPTOP-3LMAQE78" failures="0" tests="4" name="all tc execution without include" time="0.138" errors="0" timestamp="2022-08-25T15:44:09 IST">
  <testcase classname="com.testng.Priority" name="kvhcaskjs" time="0.02"/>
  <testcase classname="com.testng.Priority" name="jgvjhdz" time="0.003"/>
  <testcase classname="com.testng.Priority" name="kahvchik" time="0.002"/>
  <testcase classname="com.testng.Priority" name="iurdgwoebju" time="0.002"/>
</testsuite> <!-- all tc execution without include -->
