<?xml version="1.0" encoding="UTF-8"?>
<!-- Generated by org.testng.reporters.JUnitXMLReporter -->
<testsuite ignored="0" hostname="LAPTOP-3LMAQE78" failures="0" tests="10" name="test2" time="0.02" errors="0" timestamp="2022-09-27T13:48:54 IST">
  <testcase classname="com.testng.ParalelExecutons3" name="testMethod13" time="0.001"/>
  <testcase classname="com.testng.ParalelExecutions4" name="testMethod17" time="0.002"/>
  <testcase classname="com.testng.ParalelExecutons3" name="testMethod14" time="0.001"/>
  <testcase classname="com.testng.ParalelExecutions4" name="testMethod18" time="0.002"/>
  <testcase classname="com.testng.ParalelExecutons3" name="testMethod15" time="0.001"/>
  <testcase classname="com.testng.ParalelExecutions4" name="testMethod19" time="0.001"/>
  <testcase classname="com.testng.ParalelExecutons3" name="testMethod16" time="0.001"/>
  <testcase classname="com.testng.ParalelExecutions4" name="testMethod20" time="0.001"/>
  <testcase classname="com.testng.ParalelExecutions4" name="testMethod21" time="0.001"/>
  <testcase classname="com.testng.ParalelExecutions4" name="testMethod22" time="0.001"/>
</testsuite> <!-- test2 -->
