<?xml version="1.0" encoding="UTF-8"?>
<!-- Generated by org.testng.reporters.JUnitXMLReporter -->
<testsuite ignored="0" hostname="LAPTOP-3LMAQE78" failures="0" tests="12" name="test1" time="0.069" errors="0" timestamp="2022-09-27T13:48:54 IST">
  <testcase classname="com.testng.ParalelExecutions2" name="testMethod10" time="0.009"/>
  <testcase classname="com.testng.ParallelExecutions" name="testMethod1" time="0.009"/>
  <testcase classname="com.testng.ParalelExecutions2" name="testMethod11" time="0.001"/>
  <testcase classname="com.testng.ParallelExecutions" name="testMethod2" time="0.002"/>
  <testcase classname="com.testng.ParalelExecutions2" name="testMethod12" time="0.001"/>
  <testcase classname="com.testng.ParallelExecutions" name="testMethod3" time="0.002"/>
  <testcase classname="com.testng.ParalelExecutions2" name="testMethod7" time="0.002"/>
  <testcase classname="com.testng.ParallelExecutions" name="testMethod4" time="0.002"/>
  <testcase classname="com.testng.ParalelExecutions2" name="testMethod8" time="0.0"/>
  <testcase classname="com.testng.ParallelExecutions" name="testMethod5" time="0.001"/>
  <testcase classname="com.testng.ParalelExecutions2" name="testMethod9" time="0.002"/>
  <testcase classname="com.testng.ParallelExecutions" name="testMethod6" time="0.001"/>
</testsuite> <!-- test1 -->
