<?xml version="1.0" encoding="UTF-8"?>
<!-- Generated by org.testng.reporters.JUnitXMLReporter -->
<testsuite ignored="3" hostname="LAPTOP-3LMAQE78" failures="0" tests="8" name="meta group" time="0.162" errors="0" timestamp="2022-08-27T14:01:03 IST">
  <testcase classname="com.testng.Grouping" name="testMethod1" time="0.019"/>
  <testcase classname="com.testng.Grouping" name="testMethod3" time="0.002"/>
  <testcase classname="com.testng.Grouping" name="testMethod5" time="0.002"/>
  <testcase classname="com.testng.Grouping2" name="testMethod1" time="0.002"/>
  <testcase classname="com.testng.Grouping2" name="testMethod2" time="0.003"/>
  <testcase classname="com.testng.Grouping2" name="testMethod3" time="0.002"/>
  <testcase classname="com.testng.Grouping2" name="testMethod4" time="0.002"/>
  <testcase classname="com.testng.Grouping2" name="testMethod5" time="0.003"/>
  <testcase classname="com.testng.Grouping" name="testMethod2" time="0.0">
    <ignored/>
  </testcase> <!-- testMethod2 -->
  <testcase classname="com.testng.Grouping" name="testMethod4" time="0.0">
    <ignored/>
  </testcase> <!-- testMethod4 -->
  <testcase classname="com.testng.Grouping" name="testMethod6" time="0.0">
    <ignored/>
  </testcase> <!-- testMethod6 -->
</testsuite> <!-- meta group -->
