<?xml version="1.0" encoding="UTF-8"?>
<!-- Generated by org.testng.reporters.JUnitXMLReporter -->
<testsuite ignored="0" hostname="LAPTOP-3LMAQE78" failures="0" tests="6" name="Test" time="133.358" errors="0" timestamp="2022-09-08T14:04:33 IST">
  <testcase classname="com.testng.RandomUser" name="OpenBrowser" time="3.506"/>
  <testcase classname="com.testng.RandomUser" name="findElements" time="30.765"/>
  <testcase classname="com.testng.RandomUser" name="findElements" time="31.084"/>
  <testcase classname="com.testng.RandomUser" name="findElements" time="30.963"/>
  <testcase classname="com.testng.RandomUser" name="findElements" time="5.509"/>
  <testcase classname="com.testng.RandomUser" name="findElements" time="31.423"/>
</testsuite> <!-- Test -->
