<?xml version="1.0" encoding="UTF-8"?>
<!-- Generated by org.testng.reporters.JUnitXMLReporter -->
<testsuite ignored="0" hostname="LAPTOP-3LMAQE78" failures="0" tests="5" name="login" time="25.841" errors="0" timestamp="2022-09-27T14:06:44 IST">
  <testcase classname="com.testng.DataProvider" name="form" time="9.383"/>
  <testcase classname="com.testng.DataProvider" name="form" time="9.431"/>
  <testcase classname="com.testng.DataProvider" name="form" time="8.203"/>
  <testcase classname="com.testng.DataProvider" name="form" time="8.296"/>
  <testcase classname="com.testng.DataProvider" name="form" time="8.2"/>
</testsuite> <!-- login -->
